https://mail.rambler.ru/?utm_source=head&utm_campaign=self_promo&utm_medium=topline&utm_content=mail
https://news.rambler.ru/?utm_source=head&utm_campaign=self_promo&utm_medium=topline&utm_content=news_media
https://kino.rambler.ru/?utm_source=head&utm_campaign=self_promo&utm_medium=topline&utm_content=kino_media
https://sport.rambler.ru/?utm_source=head&utm_campaign=self_promo&utm_medium=topline&utm_content=sport_media
https://auto.rambler.ru/?utm_source=head&utm_campaign=self_promo&utm_medium=topline&utm_content=auto_media
https://news.rambler.ru/starlife/?utm_source=head&utm_campaign=self_promo&utm_medium=topline&utm_content=news_media
https://games.rambler.ru/online/?utm_source=head&utm_campaign=self_promo&utm_medium=topline&utm_content=games
https://weather.rambler.ru/v-sankt-peterburge/?utm_source=head&utm_campaign=self_promo&utm_medium=search&utm_content=weather
https://yandex.ru/maps/2/saint-petersburg/probki?utm_source=head&utm_campaign=self_promo&utm_medium=search&utm_content=traffic
https://finance.rambler.ru/currencies/USD/?utm_source=head&utm_campaign=self_promo&utm_medium=search&utm_content=finance&utm_term=USD
https://finance.rambler.ru/currencies/EUR/?utm_source=head&utm_campaign=self_promo&utm_medium=search&utm_content=finance&utm_term=EUR
https://news.rambler.ru/?utm_source=head&utm_campaign=self_promo&utm_medium=nav&utm_content=main
https://news.rambler.ru/politics/42527370-putin-otsenil-situatsiyu-na-ukraine-posle-prezidentskih-vyborov/?utm_source=head&utm_campaign=self_promo&utm_medium=news&utm_content=news
https://news.rambler.ru/world/42527348-v-donbasse-unichtozhili-snaypera-spetsnaza-vsu-i-ranili-ego-naparnika/?utm_source=head&utm_campaign=self_promo&utm_medium=news&utm_content=news
https://news.rambler.ru/world/42527348-v-donbasse-unichtozhili-snaypera-spetsnaza-vsu-i-ranili-ego-naparnika/?utm_source=head&utm_campaign=self_promo&utm_medium=news&utm_content=news
https://woman.rambler.ru/stars/42524861-foto-zvezd-o-kotoryh-oni-predpochli-by-zabyt/?utm_source=head&utm_campaign=self_promo&utm_medium=news&utm_content=news
https://woman.rambler.ru/stars/42524861-foto-zvezd-o-kotoryh-oni-predpochli-by-zabyt/?utm_source=head&utm_campaign=self_promo&utm_medium=news&utm_content=news
https://news.rambler.ru/community/42527340-rossiyskaya-semya-poprosila-ubezhischa-u-merkel-posle-togo-kak-chinovniki-otkazali-ey-v-sotsvyplatah/?utm_source=head&utm_campaign=self_promo&utm_medium=news&utm_content=news
https://news.rambler.ru/community/42527340-rossiyskaya-semya-poprosila-ubezhischa-u-merkel-posle-togo-kak-chinovniki-otkazali-ey-v-sotsvyplatah/?utm_source=head&utm_campaign=self_promo&utm_medium=news&utm_content=news
https://news.rambler.ru/starlife/42525657-na-semkah-bylo-vse-obnazhenka-vse-bylo/?utm_source=head&utm_campaign=self_promo&utm_medium=news&utm_content=news
https://news.rambler.ru/starlife/42525657-na-semkah-bylo-vse-obnazhenka-vse-bylo/?utm_source=head&utm_campaign=self_promo&utm_medium=news&utm_content=news
https://news.rambler.ru/politics/42527077-putin-vyskazalsya-o-roste-tsen-na-benzin/?utm_source=head&utm_campaign=self_promo&utm_medium=news&utm_content=news
https://news.rambler.ru/politics/42527077-putin-vyskazalsya-o-roste-tsen-na-benzin/?utm_source=head&utm_campaign=self_promo&utm_medium=news&utm_content=news
https://news.rambler.ru/starlife/42527260-foto-sadalskogo-s-davney-podrugoy-oshelomilo-podpischikov/?utm_source=head&utm_campaign=self_promo&utm_medium=news&utm_content=news
https://news.rambler.ru/starlife/42527260-foto-sadalskogo-s-davney-podrugoy-oshelomilo-podpischikov/?utm_source=head&utm_campaign=self_promo&utm_medium=news&utm_content=news
https://weekend.rambler.ru/read/42525549-pochemu-sozdatel-topliva-iz-vody-szheg-formulu/?utm_source=head&utm_campaign=self_promo&utm_medium=news&utm_content=news
https://weekend.rambler.ru/read/42525549-pochemu-sozdatel-topliva-iz-vody-szheg-formulu/?utm_source=head&utm_campaign=self_promo&utm_medium=news&utm_content=news
https://news.rambler.ru/army/42520724-uchebnyy-boy-tankov-abrams-i-t-72m-popal-na-video/?utm_source=head&utm_campaign=self_promo&utm_medium=news&utm_content=news
https://news.rambler.ru/army/42520724-uchebnyy-boy-tankov-abrams-i-t-72m-popal-na-video/?utm_source=head&utm_campaign=self_promo&utm_medium=news&utm_content=news
https://news.rambler.ru/starlife/42527234-dana-borisova-otvetila-na-napadki-ukraintsev/?utm_source=head&utm_campaign=self_promo&utm_medium=news&utm_content=news
https://news.rambler.ru/starlife/42527234-dana-borisova-otvetila-na-napadki-ukraintsev/?utm_source=head&utm_campaign=self_promo&utm_medium=news&utm_content=news
https://news.rambler.ru/world/42526928-gruzovik-s-aydarovtsami-podorvalsya-na-mine-v-donbasse/?utm_source=head&utm_campaign=self_promo&utm_medium=news&utm_content=news
https://news.rambler.ru/world/42526928-gruzovik-s-aydarovtsami-podorvalsya-na-mine-v-donbasse/?utm_source=head&utm_campaign=self_promo&utm_medium=news&utm_content=news
https://news.rambler.ru/world/42525833-zelenskiy-ottolknul-ministra-oborony/?utm_source=head&utm_campaign=self_promo&utm_medium=news&utm_content=news
https://news.rambler.ru/world/42525833-zelenskiy-ottolknul-ministra-oborony/?utm_source=head&utm_campaign=self_promo&utm_medium=news&utm_content=news
https://woman.rambler.ru/beauty/42524794-vneshnost-ukrainskoy-modeli-rassorila-polzovateley-seti/?utm_source=head&utm_campaign=self_promo&utm_medium=news&utm_content=news
https://woman.rambler.ru/beauty/42524794-vneshnost-ukrainskoy-modeli-rassorila-polzovateley-seti/?utm_source=head&utm_campaign=self_promo&utm_medium=news&utm_content=news
https://weekend.rambler.ru/people/42526200-koroleva-kotoruyu-muzh-brosil-posle-odnoy-nochi/?utm_source=head&utm_campaign=self_promo&utm_medium=news&utm_content=news
https://weekend.rambler.ru/people/42526200-koroleva-kotoruyu-muzh-brosil-posle-odnoy-nochi/?utm_source=head&utm_campaign=self_promo&utm_medium=news&utm_content=news
https://travel.rambler.ru/news/42523463-strany-gde-nenavidyat-russkih-turistov/?utm_source=head&utm_campaign=self_promo&utm_medium=news&utm_content=news
https://travel.rambler.ru/news/42523463-strany-gde-nenavidyat-russkih-turistov/?utm_source=head&utm_campaign=self_promo&utm_medium=news&utm_content=news
https://woman.rambler.ru/fashion/42523509-nazvana-stoimost-krossovok-putina/?utm_source=head&utm_campaign=self_promo&utm_medium=news&utm_content=news
https://woman.rambler.ru/fashion/42523509-nazvana-stoimost-krossovok-putina/?utm_source=head&utm_campaign=self_promo&utm_medium=news&utm_content=news
https://weekend.rambler.ru/read/42525181-nastoyaschaya-istoriya-bandy-chernaya-koshka/?utm_source=head&utm_campaign=self_promo&utm_medium=news&utm_content=news
https://weekend.rambler.ru/read/42525181-nastoyaschaya-istoriya-bandy-chernaya-koshka/?utm_source=head&utm_campaign=self_promo&utm_medium=news&utm_content=news
https://kino.rambler.ru/movies/42524237-chto-vyrezali-iz-mesto-vstrechi-izmenit-nelzya-i-pochemu/?utm_source=head&utm_campaign=self_promo&utm_medium=news&utm_content=news
https://kino.rambler.ru/movies/42524237-chto-vyrezali-iz-mesto-vstrechi-izmenit-nelzya-i-pochemu/?utm_source=head&utm_campaign=self_promo&utm_medium=news&utm_content=news
https://kino.rambler.ru/movies/42525148-v-novom-terminatore-pokazhut-postarevshego-dzhona-konnora/?utm_source=head&utm_campaign=self_promo&utm_medium=news&utm_content=news
https://kino.rambler.ru/movies/42525148-v-novom-terminatore-pokazhut-postarevshego-dzhona-konnora/?utm_source=head&utm_campaign=self_promo&utm_medium=news&utm_content=news
https://travel.rambler.ru/news/42525513-pochemu-goryaschie-tury-takie-deshevye/?utm_source=head&utm_campaign=self_promo&utm_medium=news&utm_content=news
https://travel.rambler.ru/news/42525513-pochemu-goryaschie-tury-takie-deshevye/?utm_source=head&utm_campaign=self_promo&utm_medium=news&utm_content=news
https://travel.rambler.ru/news/42525111-dostoprimechatelnosti-poyavivshiesya-posle-katastrof/?utm_source=head&utm_campaign=self_promo&utm_medium=news&utm_content=video
https://weekend.rambler.ru/people/42524710-samye-bogatye-klany-mira/?utm_source=head&utm_campaign=self_promo&utm_medium=news&utm_content=video
https://kino.rambler.ru/tv/42524194-kak-izmenilis-aktery-telezhurnala-kalambur/?utm_source=head&utm_campaign=self_promo&utm_medium=news&utm_content=video
https://woman.rambler.ru/beauty/42525109-kak-zapoluchit-roskoshnye-volosy/?utm_source=head&utm_campaign=self_promo&utm_medium=news&utm_content=video
https://woman.rambler.ru/stars/42523029-gde-seychas-doch-muslima-magomaeva/?utm_source=head&utm_campaign=self_promo&utm_medium=news&utm_content=video
https://doctor.rambler.ru/medscience/42524686-pochemu-voznikayut-sudorogi?utm_source=head&utm_campaign=self_promo&utm_medium=news&utm_content=video
https://kino.rambler.ru/actors/42518410-kuda-propala-zvezda-kurera-i-interdevochki/?utm_source=head&utm_campaign=self_promo&utm_medium=news&utm_content=video
https://woman.rambler.ru/children/42517342-chto-stalo-s-malchikom-pobedivshim-v-golos-deti/?utm_source=head&utm_campaign=self_promo&utm_medium=news&utm_content=video
https://news.rambler.ru/incidents/42523938-uzhasy-detskoy-ploschadki-chto-s-trehletney-rossiyankoy-sdelali-na-ibitse/?utm_source=head&utm_campaign=self_promo&utm_medium=news&utm_content=news
https://news.rambler.ru/incidents/42523938-uzhasy-detskoy-ploschadki-chto-s-trehletney-rossiyankoy-sdelali-na-ibitse/?utm_source=head&utm_campaign=self_promo&utm_medium=news&utm_content=news
https://woman.rambler.ru/fashion/42519468-otkrovennye-kupalniki-iz-izolenty-pokoryayut-podium/?utm_source=head&utm_campaign=self_promo&utm_medium=news&utm_content=news
https://woman.rambler.ru/fashion/42519468-otkrovennye-kupalniki-iz-izolenty-pokoryayut-podium/?utm_source=head&utm_campaign=self_promo&utm_medium=news&utm_content=news
https://news.rambler.ru/middleeast/42521758-ekspert-s-tochki-zreniya-natsionalnoy-bezopasnosti-turtsii-ne-nuzhny-ni-s-400-ni-f-35/?utm_source=head&utm_campaign=self_promo&utm_medium=news&utm_content=news
https://news.rambler.ru/middleeast/42521758-ekspert-s-tochki-zreniya-natsionalnoy-bezopasnosti-turtsii-ne-nuzhny-ni-s-400-ni-f-35/?utm_source=head&utm_campaign=self_promo&utm_medium=news&utm_content=news
https://weekend.rambler.ru/people/42511314-kem-byl-samyy-silnyy-chelovek-v-istorii/?utm_source=head&utm_campaign=self_promo&utm_medium=news&utm_content=news
https://weekend.rambler.ru/people/42511314-kem-byl-samyy-silnyy-chelovek-v-istorii/?utm_source=head&utm_campaign=self_promo&utm_medium=news&utm_content=news
https://doctor.rambler.ru/healthylife/42522372-izbavlenie-ot-toksinov-ili-deneg-vsya-pravda-o-detokse?utm_source=head&utm_campaign=self_promo&utm_medium=news&utm_content=news
https://doctor.rambler.ru/healthylife/42522372-izbavlenie-ot-toksinov-ili-deneg-vsya-pravda-o-detokse?utm_source=head&utm_campaign=self_promo&utm_medium=news&utm_content=news
https://kino.rambler.ru/actors/42513670-tragicheskaya-istoriya-samogo-krasivogo-malchika-xx-veka/?utm_source=head&utm_campaign=self_promo&utm_medium=news&utm_content=news
https://kino.rambler.ru/actors/42513670-tragicheskaya-istoriya-samogo-krasivogo-malchika-xx-veka/?utm_source=head&utm_campaign=self_promo&utm_medium=news&utm_content=news
https://news.rambler.ru/politics/42524343-posledniy-dyuym-putin-i-lukashenko-snova-otodvinuli-tochku-nevozvrata/?utm_source=head&utm_campaign=self_promo&utm_medium=news&utm_content=news
https://news.rambler.ru/politics/42524343-posledniy-dyuym-putin-i-lukashenko-snova-otodvinuli-tochku-nevozvrata/?utm_source=head&utm_campaign=self_promo&utm_medium=news&utm_content=news
https://woman.rambler.ru/cooking/42512695-kak-nas-obmanyvayut-v-torgovyh-tochkah/?utm_source=head&utm_campaign=self_promo&utm_medium=news&utm_content=news
https://woman.rambler.ru/cooking/42512695-kak-nas-obmanyvayut-v-torgovyh-tochkah/?utm_source=head&utm_campaign=self_promo&utm_medium=news&utm_content=news
https://weekend.rambler.ru/?utm_source=head&utm_campaign=self_promo&utm_medium=nav2&utm_content=weekend
https://dating.rambler.ru/a-register/track-other_main/?utm_source=head&utm_campaign=self_promo&utm_medium=nav2&utm_content=dating
https://class.rambler.ru/?utm_source=head&utm_campaign=self_promo&utm_medium=nav2&utm_content=class
https://horoscopes.rambler.ru/?utm_source=head&utm_campaign=self_promo&utm_medium=nav2&utm_content=horoscopes
https://weather.rambler.ru/?utm_source=head&utm_campaign=self_promo&utm_medium=nav2&utm_content=weather
https://top100.rambler.ru/?utm_source=head&utm_campaign=self_promo&utm_medium=nav2&utm_content=top100
https://travel.rambler.ru/news/42525111-dostoprimechatelnosti-poyavivshiesya-posle-katastrof/?utm_source=head&utm_campaign=self_promo&utm_medium=b_video&utm_content=video
https://travel.rambler.ru/news/42525111-dostoprimechatelnosti-poyavivshiesya-posle-katastrof/?utm_source=head&utm_campaign=self_promo&utm_medium=b_video&utm_content=video
https://travel.rambler.ru/news/?utm_source=head&utm_campaign=self_promo&utm_medium=b_video&utm_content=video
https://travel.rambler.ru/video/?utm_source=head&utm_campaign=self_promo&utm_medium=b_video&utm_content=video
https://weekend.rambler.ru/people/42524710-samye-bogatye-klany-mira/?utm_source=head&utm_campaign=self_promo&utm_medium=b_video&utm_content=video
https://weekend.rambler.ru/people/42524710-samye-bogatye-klany-mira/?utm_source=head&utm_campaign=self_promo&utm_medium=b_video&utm_content=video
http://weekend.rambler.ru/people/?utm_source=head&utm_campaign=self_promo&utm_medium=b_video&utm_content=video
http://weekend.rambler.ru/video/?utm_source=head&utm_campaign=self_promo&utm_medium=b_video&utm_content=video
https://kino.rambler.ru/tv/42524194-kak-izmenilis-aktery-telezhurnala-kalambur/?utm_source=head&utm_campaign=self_promo&utm_medium=b_video&utm_content=video
https://kino.rambler.ru/tv/42524194-kak-izmenilis-aktery-telezhurnala-kalambur/?utm_source=head&utm_campaign=self_promo&utm_medium=b_video&utm_content=video
https://kino.rambler.ru/tv/?utm_source=head&utm_campaign=self_promo&utm_medium=b_video&utm_content=video
https://kino.rambler.ru/video/?utm_source=head&utm_campaign=self_promo&utm_medium=b_video&utm_content=video
https://woman.rambler.ru/beauty/42525109-kak-zapoluchit-roskoshnye-volosy/?utm_source=head&utm_campaign=self_promo&utm_medium=b_video&utm_content=video
https://woman.rambler.ru/beauty/42525109-kak-zapoluchit-roskoshnye-volosy/?utm_source=head&utm_campaign=self_promo&utm_medium=b_video&utm_content=video
https://woman.rambler.ru/beauty/?utm_source=head&utm_campaign=self_promo&utm_medium=b_video&utm_content=video
https://woman.rambler.ru/video/?utm_source=head&utm_campaign=self_promo&utm_medium=b_video&utm_content=video
https://woman.rambler.ru/stars/42523029-gde-seychas-doch-muslima-magomaeva/?utm_source=head&utm_campaign=self_promo&utm_medium=b_video&utm_content=video
https://woman.rambler.ru/stars/42523029-gde-seychas-doch-muslima-magomaeva/?utm_source=head&utm_campaign=self_promo&utm_medium=b_video&utm_content=video
https://woman.rambler.ru/stars/?utm_source=head&utm_campaign=self_promo&utm_medium=b_video&utm_content=video
https://woman.rambler.ru/video/?utm_source=head&utm_campaign=self_promo&utm_medium=b_video&utm_content=video
https://doctor.rambler.ru/medscience/42524686-pochemu-voznikayut-sudorogi?utm_source=head&utm_campaign=self_promo&utm_medium=b_video&utm_content=video
https://doctor.rambler.ru/medscience/42524686-pochemu-voznikayut-sudorogi?utm_source=head&utm_campaign=self_promo&utm_medium=b_video&utm_content=video
https://doctor.rambler.ru/medscience/?utm_source=head&utm_campaign=self_promo&utm_medium=b_video&utm_content=video
https://doctor.rambler.ru/video/?utm_source=head&utm_campaign=self_promo&utm_medium=b_video&utm_content=video
https://kino.rambler.ru/actors/42518410-kuda-propala-zvezda-kurera-i-interdevochki/?utm_source=head&utm_campaign=self_promo&utm_medium=b_video&utm_content=video
https://kino.rambler.ru/actors/42518410-kuda-propala-zvezda-kurera-i-interdevochki/?utm_source=head&utm_campaign=self_promo&utm_medium=b_video&utm_content=video
https://kino.rambler.ru/actors/?utm_source=head&utm_campaign=self_promo&utm_medium=b_video&utm_content=video
https://kino.rambler.ru/video/?utm_source=head&utm_campaign=self_promo&utm_medium=b_video&utm_content=video
https://woman.rambler.ru/children/42517342-chto-stalo-s-malchikom-pobedivshim-v-golos-deti/?utm_source=head&utm_campaign=self_promo&utm_medium=b_video&utm_content=video
https://woman.rambler.ru/children/42517342-chto-stalo-s-malchikom-pobedivshim-v-golos-deti/?utm_source=head&utm_campaign=self_promo&utm_medium=b_video&utm_content=video
https://woman.rambler.ru/children/?utm_source=head&utm_campaign=self_promo&utm_medium=b_video&utm_content=video
https://woman.rambler.ru/video/?utm_source=head&utm_campaign=self_promo&utm_medium=b_video&utm_content=video
https://doctor.rambler.ru/news/42525110-kak-kupit-lekarstvo-i-ne-popast-v-tyurmu?utm_source=head&utm_campaign=self_promo&utm_medium=b_video&utm_content=video
https://doctor.rambler.ru/news/42525110-kak-kupit-lekarstvo-i-ne-popast-v-tyurmu?utm_source=head&utm_campaign=self_promo&utm_medium=b_video&utm_content=video
https://doctor.rambler.ru/news/?utm_source=head&utm_campaign=self_promo&utm_medium=b_video&utm_content=video
https://doctor.rambler.ru/video/?utm_source=head&utm_campaign=self_promo&utm_medium=b_video&utm_content=video
https://kino.rambler.ru/actors/42525018-aktery-kotorye-nikak-ne-mogut-postaret/?utm_source=head&utm_campaign=self_promo&utm_medium=b_video&utm_content=video
https://kino.rambler.ru/actors/42525018-aktery-kotorye-nikak-ne-mogut-postaret/?utm_source=head&utm_campaign=self_promo&utm_medium=b_video&utm_content=video
https://kino.rambler.ru/actors/?utm_source=head&utm_campaign=self_promo&utm_medium=b_video&utm_content=video
https://kino.rambler.ru/video/?utm_source=head&utm_campaign=self_promo&utm_medium=b_video&utm_content=video
https://kino.rambler.ru/movies/42525020-chto-proishodilo-na-semkah-blokbastera/?utm_source=head&utm_campaign=self_promo&utm_medium=b_video&utm_content=video
https://kino.rambler.ru/movies/42525020-chto-proishodilo-na-semkah-blokbastera/?utm_source=head&utm_campaign=self_promo&utm_medium=b_video&utm_content=video
https://kino.rambler.ru/movies/?utm_source=head&utm_campaign=self_promo&utm_medium=b_video&utm_content=video
https://kino.rambler.ru/video/?utm_source=head&utm_campaign=self_promo&utm_medium=b_video&utm_content=video
https://woman.rambler.ru/stars/42522446-rossiyskiy-shou-biznes-zahvatila-moda-na-kolhoz/?utm_source=head&utm_campaign=self_promo&utm_medium=b_video&utm_content=video
https://woman.rambler.ru/stars/42522446-rossiyskiy-shou-biznes-zahvatila-moda-na-kolhoz/?utm_source=head&utm_campaign=self_promo&utm_medium=b_video&utm_content=video
https://woman.rambler.ru/stars/?utm_source=head&utm_campaign=self_promo&utm_medium=b_video&utm_content=video
https://woman.rambler.ru/video/?utm_source=head&utm_campaign=self_promo&utm_medium=b_video&utm_content=video
https://news.rambler.ru/video/?utm_source=head&utm_campaign=self_promo&utm_medium=b_video&utm_content=video_button
https://news.rambler.ru/?utm_source=head&utm_campaign=self_promo&utm_medium=footer&utm_content=news_media
https://news.rambler.ru/world/?utm_source=head&utm_campaign=self_promo&utm_medium=footer&utm_content=news_media
https://news.rambler.ru/moscow_city/?utm_source=head&utm_campaign=self_promo&utm_medium=footer&utm_content=news_media
https://news.rambler.ru/politics/?utm_source=head&utm_campaign=self_promo&utm_medium=footer&utm_content=news_media
https://news.rambler.ru/community/?utm_source=head&utm_campaign=self_promo&utm_medium=footer&utm_content=news_media
https://news.rambler.ru/incidents/?utm_source=head&utm_campaign=self_promo&utm_medium=footer&utm_content=news_media
https://news.rambler.ru/army/?utm_source=head&utm_campaign=self_promo&utm_medium=footer&utm_content=news_media
https://news.rambler.ru/tech/?utm_source=head&utm_campaign=self_promo&utm_medium=footer&utm_content=news_media
https://news.rambler.ru/starlife/?utm_source=head&utm_campaign=self_promo&utm_medium=footer&utm_content=news_media
https://news.rambler.ru/video/?utm_source=head&utm_campaign=self_promo&utm_medium=footer&utm_content=news_media
https://news.rambler.ru/articles/?utm_source=head&utm_campaign=self_promo&utm_medium=footer&utm_content=news_media
https://news.rambler.ru/tests/?utm_source=head&utm_campaign=self_promo&utm_medium=footer&utm_content=news_media
https://news.rambler.ru/photo/?utm_source=head&utm_campaign=self_promo&utm_medium=footer&utm_content=news_media
https://finance.rambler.ru/?utm_source=head&utm_campaign=self_promo&utm_medium=footer&utm_content=finance_media
https://finance.rambler.ru/economics/?utm_source=head&utm_campaign=self_promo&utm_medium=footer&utm_content=finance_media
https://finance.rambler.ru/business/?utm_source=head&utm_campaign=self_promo&utm_medium=footer&utm_content=finance_media
https://finance.rambler.ru/markets/?utm_source=head&utm_campaign=self_promo&utm_medium=footer&utm_content=finance_media
https://finance.rambler.ru/money/?utm_source=head&utm_campaign=self_promo&utm_medium=footer&utm_content=finance_media
https://finance.rambler.ru/realty/?utm_source=head&utm_campaign=self_promo&utm_medium=footer&utm_content=finance_media
https://finance.rambler.ru/currencies/?utm_source=head&utm_campaign=self_promo&utm_medium=footer&utm_content=finance_media
https://finance.rambler.ru/calculators/converter/?utm_source=head&utm_campaign=self_promo&utm_medium=footer&utm_content=finance_media
https://finance.rambler.ru/currencies/USD/?utm_source=head&utm_campaign=self_promo&utm_medium=footer&utm_content=finance_media
https://finance.rambler.ru/currencies/EUR/?utm_source=head&utm_campaign=self_promo&utm_medium=footer&utm_content=finance_media
https://finance.rambler.ru/currencies/consensus/?utm_source=head&utm_campaign=self_promo&utm_medium=footer&utm_content=finance_media
https://finance.rambler.ru/currencies/exchange/?utm_source=head&utm_campaign=self_promo&utm_medium=footer&utm_content=finance_media
https://finance.rambler.ru/currencies/kross-kurs/?utm_source=head&utm_campaign=self_promo&utm_medium=footer&utm_content=finance_media
https://woman.rambler.ru/?utm_source=head&utm_campaign=self_promo&utm_medium=footer&utm_content=woman_media
https://woman.rambler.ru/fashion/?utm_source=head&utm_campaign=self_promo&utm_medium=footer&utm_content=woman_media
https://woman.rambler.ru/beauty/?utm_source=head&utm_campaign=self_promo&utm_medium=footer&utm_content=woman_media
https://woman.rambler.ru/love/?utm_source=head&utm_campaign=self_promo&utm_medium=footer&utm_content=woman_media
https://woman.rambler.ru/stars/?utm_source=head&utm_campaign=self_promo&utm_medium=footer&utm_content=woman_media
https://woman.rambler.ru/cooking/?utm_source=head&utm_campaign=self_promo&utm_medium=footer&utm_content=woman_media
https://woman.rambler.ru/health/?utm_source=head&utm_campaign=self_promo&utm_medium=footer&utm_content=woman_media
https://woman.rambler.ru/psychology/?utm_source=head&utm_campaign=self_promo&utm_medium=footer&utm_content=woman_media
https://woman.rambler.ru/home/?utm_source=head&utm_campaign=self_promo&utm_medium=footer&utm_content=woman_media
https://woman.rambler.ru/children/?utm_source=head&utm_campaign=self_promo&utm_medium=footer&utm_content=woman_media
https://woman.rambler.ru/photo/?utm_source=head&utm_campaign=self_promo&utm_medium=footer&utm_content=woman_media
https://woman.rambler.ru/video/?utm_source=head&utm_campaign=self_promo&utm_medium=footer&utm_content=woman_media
https://kino.rambler.ru/?utm_source=head&utm_campaign=self_promo&utm_medium=footer&utm_content=kino_media
https://kino.rambler.ru/movies/?utm_source=head&utm_campaign=self_promo&utm_medium=footer&utm_content=kino_media
https://kino.rambler.ru/tv/?utm_source=head&utm_campaign=self_promo&utm_medium=footer&utm_content=kino_media
https://kino.rambler.ru/series/?utm_source=head&utm_campaign=self_promo&utm_medium=footer&utm_content=kino_media
https://kino.rambler.ru/actors/?utm_source=head&utm_campaign=self_promo&utm_medium=footer&utm_content=kino_media
https://kino.rambler.ru/video/?utm_source=head&utm_campaign=self_promo&utm_medium=footer&utm_content=kino_media
https://kino.rambler.ru/photo/?utm_source=head&utm_campaign=self_promo&utm_medium=footer&utm_content=kino_media
https://kino.rambler.ru/articles/?utm_source=head&utm_campaign=self_promo&utm_medium=footer&utm_content=kino_media
https://kino.rambler.ru/tests/?utm_source=head&utm_campaign=self_promo&utm_medium=footer&utm_content=kino_media
https://sport.rambler.ru/?utm_source=head&utm_campaign=self_promo&utm_medium=footer&utm_content=sport_media
https://sport.rambler.ru/football/?utm_source=head&utm_campaign=self_promo&utm_medium=footer&utm_content=sport_media
https://sport.rambler.ru/hockey/?utm_source=head&utm_campaign=self_promo&utm_medium=footer&utm_content=sport_media
https://sport.rambler.ru/basketball/?utm_source=head&utm_campaign=self_promo&utm_medium=footer&utm_content=sport_media
https://sport.rambler.ru/biathlon/?utm_source=head&utm_campaign=self_promo&utm_medium=footer&utm_content=sport_media
https://sport.rambler.ru/auto/?utm_source=head&utm_campaign=self_promo&utm_medium=footer&utm_content=sport_media
https://sport.rambler.ru/figureskating/?utm_source=head&utm_campaign=self_promo&utm_medium=footer&utm_content=sport_media
https://sport.rambler.ru/tennis/?utm_source=head&utm_campaign=self_promo&utm_medium=footer&utm_content=sport_media
https://sport.rambler.ru/mma/?utm_source=head&utm_campaign=self_promo&utm_medium=footer&utm_content=sport_media
https://sport.rambler.ru/boxing/?utm_source=head&utm_campaign=self_promo&utm_medium=footer&utm_content=sport_media
https://sport.rambler.ru/chess/?utm_source=head&utm_campaign=self_promo&utm_medium=footer&utm_content=sport_media
https://sport.rambler.ru/athletics/?utm_source=head&utm_campaign=self_promo&utm_medium=footer&utm_content=sport_media
https://sport.rambler.ru/summer/?utm_source=head&utm_campaign=self_promo&utm_medium=footer&utm_content=sport_media
https://sport.rambler.ru/winter/?utm_source=head&utm_campaign=self_promo&utm_medium=footer&utm_content=sport_media
https://auto.rambler.ru/?utm_source=head&utm_campaign=self_promo&utm_medium=footer&utm_content=auto_media
https://auto.rambler.ru/news/?utm_source=head&utm_campaign=self_promo&utm_medium=footer&utm_content=auto_media
https://auto.rambler.ru/testdrives/?utm_source=head&utm_campaign=self_promo&utm_medium=footer&utm_content=auto_media
https://auto.rambler.ru/navigator/?utm_source=head&utm_campaign=self_promo&utm_medium=footer&utm_content=auto_media
https://auto.rambler.ru/pdd/?utm_source=head&utm_campaign=self_promo&utm_medium=footer&utm_content=auto_media
https://auto.rambler.ru/exam/?utm_source=head&utm_campaign=self_promo&utm_medium=footer&utm_content=auto_media
https://weekend.rambler.ru/?utm_source=head&utm_campaign=self_promo&utm_medium=footer&utm_content=weekend_media
https://weekend.rambler.ru/read/?utm_source=head&utm_campaign=self_promo&utm_medium=footer&utm_content=weekend_media
https://weekend.rambler.ru/people/?utm_source=head&utm_campaign=self_promo&utm_medium=footer&utm_content=weekend_media
https://weekend.rambler.ru/items/?utm_source=head&utm_campaign=self_promo&utm_medium=footer&utm_content=weekend_media
https://weekend.rambler.ru/crazy-world/?utm_source=head&utm_campaign=self_promo&utm_medium=footer&utm_content=weekend_media
https://weekend.rambler.ru/places/?utm_source=head&utm_campaign=self_promo&utm_medium=footer&utm_content=weekend_media
https://class.rambler.ru/?utm_source=head&utm_campaign=self_promo&utm_medium=footer&utm_content=class
https://class.rambler.ru/otvety/?utm_source=head&utm_campaign=self_promo&utm_medium=footer&utm_content=class
https://class.rambler.ru/temy/?utm_source=head&utm_campaign=self_promo&utm_medium=footer&utm_content=class
https://doctor.rambler.ru/?utm_source=head&utm_campaign=self_promo&utm_medium=footer&utm_content=doctor
https://doctor.rambler.ru/news/?utm_source=head&utm_campaign=self_promo&utm_medium=footer&utm_content=doctor
https://doctor.rambler.ru/pharma/?utm_source=head&utm_campaign=self_promo&utm_medium=footer&utm_content=doctor
https://doctor.rambler.ru/medscience/?utm_source=head&utm_campaign=self_promo&utm_medium=footer&utm_content=doctor
https://doctor.rambler.ru/folkmedicine/?utm_source=head&utm_campaign=self_promo&utm_medium=footer&utm_content=doctor
https://doctor.rambler.ru/healthylife/?utm_source=head&utm_campaign=self_promo&utm_medium=footer&utm_content=doctor
https://doctor.rambler.ru/video/?utm_source=head&utm_campaign=self_promo&utm_medium=footer&utm_content=doctor
https://doctor.rambler.ru/articles/?utm_source=head&utm_campaign=self_promo&utm_medium=footer&utm_content=doctor
https://horoscopes.rambler.ru/?utm_source=head&utm_campaign=self_promo&utm_medium=footer&utm_content=horoscopes
https://horoscopes.rambler.ru/dreams/?utm_source=head&utm_campaign=self_promo&utm_medium=footer&utm_content=horoscopes
https://horoscopes.rambler.ru/names/?utm_source=head&utm_campaign=self_promo&utm_medium=footer&utm_content=horoscopes
https://horoscopes.rambler.ru/fortune/?utm_source=head&utm_campaign=self_promo&utm_medium=footer&utm_content=horoscopes
https://horoscopes.rambler.ru/moon/?utm_source=head&utm_campaign=self_promo&utm_medium=footer&utm_content=horoscopes
https://horoscopes.rambler.ru/chinese/?utm_source=head&utm_campaign=self_promo&utm_medium=footer&utm_content=horoscopes
https://horoscopes.rambler.ru/primety/today/?utm_source=head&utm_campaign=self_promo&utm_medium=footer&utm_content=horoscopes
https://games.rambler.ru/online/?utm_source=head&utm_campaign=self_promo&utm_medium=footer&utm_content=games
https://games.rambler.ru/media/?utm_source=head&utm_campaign=self_promo&utm_medium=footer&utm_content=games
https://games.rambler.ru/gog/?utm_source=head&utm_campaign=self_promo&utm_medium=footer&utm_content=games
https://games.rambler.ru/cybersport/?utm_source=head&utm_campaign=self_promo&utm_medium=footer&utm_content=games
https://travel.rambler.ru/?utm_source=head&utm_campaign=self_promo&utm_medium=footer&utm_content=travel
https://travel.rambler.ru/guide/?utm_source=head&utm_campaign=self_promo&utm_medium=footer&utm_content=travel
https://travel.rambler.ru/news/?utm_source=head&utm_campaign=self_promo&utm_medium=footer&utm_content=travel
https://rambler-co.ru?utm_source=head&utm_campaign=self_promo&utm_medium=footer&utm_content=corp
https://reklama.rambler-co.ru/?utm_source=head&utm_campaign=self_promo&utm_medium=footer&utm_content=adv
https://help.rambler.ru/?utm_source=head&utm_campaign=self_promo&utm_medium=footer&utm_content=help
https://rambler-co.ru/jobs?utm_source=head&utm_campaign=self_promo&utm_medium=footer&utm_content=job
https://help.rambler.ru/www/legal/1397/?utm_source=head&utm_campaign=self_promo&utm_medium=footer&utm_content=legal
https://vk.com/rambler
https://www.facebook.com/newsrambler/
https://twitter.com/ramblerru
https://ok.ru/rambler
https://www.instagram.com/news.rambler/
https://www.youtube.com/channel/UCjYZSfD0GcZ3BjhqZei6smA
https://t.me/news_rambler
https://news.rambler.ru/rss
